<?xml version="1.0" encoding="UTF-8"?>
<testsuites name="Deliverable-4 Stress" time="16" tests="2" failures="0" errors="0">
   <testsuite name="Deliverable-4 Stress" tests="2" failures="0" errors="0" time="16" timestamp="2018-03-21 19:04:43" hostname="jenni - DESKTOP-C9DGACK.home" id="Test Suites/Deliverable-4 Stress">
      <properties>
         <property name="deviceName" value=""/>
         <property name="devicePlatform" value=""/>
         <property name="logFolder" value="C:\\Katalon Studio\\Deliverable-4\\Reports\\Deliverable-4 Stress\\20180321_190442"/>
         <property name="logFiles" value="C:\\Katalon Studio\\Deliverable-4\\Reports\\Deliverable-4 Stress\\20180321_190442\\execution0.log"/>
         <property name="attachments" value=""/>
         <property name="hostName" value="jenni - DESKTOP-C9DGACK.home"/>
         <property name="os" value="Windows 10 64bit"/>
         <property name="katalonVersion" value="5.3.1.1"/>
         <property name="browser" value="Chrome 64.0.3282.186"/>
         <property name="hostAddress" value="192.168.1.5"/>
         <property name="sessionId" value="c7b75561b4c2842cd4d6bf2c4ec5e40a"/>
         <property name="seleniumVersion" value="3.7.1"/>
         <property name="proxyInformation" value="ProxyInformation{proxyOption=NO_PROXY, proxyServerType=HTTP, password=, proxyServerAddress=, proxyServerPort=0}"/>
         <property name="platform" value="Windows 10"/>
      </properties>
      <testcase name="Test Cases/Factorial Page/Factorial - Stress" classname="Test Cases/Factorial Page/Factorial - Stress" status="PASSED">
         <system-out><![CDATA[2018-03-21 19:04:44 - [TEST_CASE][PASSED] - Test Cases/Factorial Page/Factorial - Stress: Test Cases/Factorial Page/Factorial - Stress

2018-03-21 19:04:44 - [TEST_STEP][PASSED] - Statement - data = com.kms.katalon.core.testdata.TestDataFactory.findTestData(FactorialEdgeData): Reading excel file with source file 'C:\Katalon Studio\Deliverable-4\Data Files\facInput edge.xlsx' and sheet name 'input'

2018-03-21 19:04:45 - [TEST_STEP][PASSED] - openBrowser: Browser is opened with url: ''

2018-03-21 19:04:48 - [MESSAGE][PASSED] - Browser is opened with url: ''

2018-03-21 19:04:48 - [TEST_STEP][PASSED] - navigateToUrl: Navigate to 'https://cs1632ex.herokuapp.com/fact' successfully

2018-03-21 19:04:49 - [MESSAGE][PASSED] - Navigate to 'https://cs1632ex.herokuapp.com/fact' successfully

2018-03-21 19:04:49 - [TEST_STEP][PASSED] - Statement - For (def index : (1..10)): Navigate back successfully

2018-03-21 19:04:49 - [TEST_STEP][PASSED] - setText: Text '100' is set on object 'Object Repository/GUI elements/Text element'

2018-03-21 19:04:49 - [MESSAGE][PASSED] - Text '100' is set on object 'Object Repository/GUI elements/Text element'

2018-03-21 19:04:49 - [TEST_STEP][PASSED] - click: Object: 'Object Repository/GUI elements/Submit button' is clicked on

2018-03-21 19:04:49 - [MESSAGE][PASSED] - Object: 'Object Repository/GUI elements/Submit button' is clicked on

2018-03-21 19:04:49 - [TEST_STEP][PASSED] - back: Navigate back successfully

2018-03-21 19:04:49 - [MESSAGE][PASSED] - Navigate back successfully

2018-03-21 19:04:49 - [TEST_STEP][PASSED] - setText: Text '100' is set on object 'Object Repository/GUI elements/Text element'

2018-03-21 19:04:49 - [MESSAGE][PASSED] - Text '100' is set on object 'Object Repository/GUI elements/Text element'

2018-03-21 19:04:49 - [TEST_STEP][PASSED] - click: Object: 'Object Repository/GUI elements/Submit button' is clicked on

2018-03-21 19:04:49 - [MESSAGE][PASSED] - Object: 'Object Repository/GUI elements/Submit button' is clicked on

2018-03-21 19:04:49 - [TEST_STEP][PASSED] - back: Navigate back successfully

2018-03-21 19:04:49 - [MESSAGE][PASSED] - Navigate back successfully

2018-03-21 19:04:49 - [TEST_STEP][PASSED] - setText: Text '100' is set on object 'Object Repository/GUI elements/Text element'

2018-03-21 19:04:49 - [MESSAGE][PASSED] - Text '100' is set on object 'Object Repository/GUI elements/Text element'

2018-03-21 19:04:49 - [TEST_STEP][PASSED] - click: Object: 'Object Repository/GUI elements/Submit button' is clicked on

2018-03-21 19:04:50 - [MESSAGE][PASSED] - Object: 'Object Repository/GUI elements/Submit button' is clicked on

2018-03-21 19:04:50 - [TEST_STEP][PASSED] - back: Navigate back successfully

2018-03-21 19:04:50 - [MESSAGE][PASSED] - Navigate back successfully

2018-03-21 19:04:50 - [TEST_STEP][PASSED] - setText: Text '100' is set on object 'Object Repository/GUI elements/Text element'

2018-03-21 19:04:50 - [MESSAGE][PASSED] - Text '100' is set on object 'Object Repository/GUI elements/Text element'

2018-03-21 19:04:50 - [TEST_STEP][PASSED] - click: Object: 'Object Repository/GUI elements/Submit button' is clicked on

2018-03-21 19:04:50 - [MESSAGE][PASSED] - Object: 'Object Repository/GUI elements/Submit button' is clicked on

2018-03-21 19:04:50 - [TEST_STEP][PASSED] - back: Navigate back successfully

2018-03-21 19:04:50 - [MESSAGE][PASSED] - Navigate back successfully

2018-03-21 19:04:50 - [TEST_STEP][PASSED] - setText: Text '100' is set on object 'Object Repository/GUI elements/Text element'

2018-03-21 19:04:50 - [MESSAGE][PASSED] - Text '100' is set on object 'Object Repository/GUI elements/Text element'

2018-03-21 19:04:50 - [TEST_STEP][PASSED] - click: Object: 'Object Repository/GUI elements/Submit button' is clicked on

2018-03-21 19:04:50 - [MESSAGE][PASSED] - Object: 'Object Repository/GUI elements/Submit button' is clicked on

2018-03-21 19:04:50 - [TEST_STEP][PASSED] - back: Navigate back successfully

2018-03-21 19:04:51 - [MESSAGE][PASSED] - Navigate back successfully

2018-03-21 19:04:51 - [TEST_STEP][PASSED] - setText: Text '100' is set on object 'Object Repository/GUI elements/Text element'

2018-03-21 19:04:51 - [MESSAGE][PASSED] - Text '100' is set on object 'Object Repository/GUI elements/Text element'

2018-03-21 19:04:51 - [TEST_STEP][PASSED] - click: Object: 'Object Repository/GUI elements/Submit button' is clicked on

2018-03-21 19:04:51 - [MESSAGE][PASSED] - Object: 'Object Repository/GUI elements/Submit button' is clicked on

2018-03-21 19:04:51 - [TEST_STEP][PASSED] - back: Navigate back successfully

2018-03-21 19:04:51 - [MESSAGE][PASSED] - Navigate back successfully

2018-03-21 19:04:51 - [TEST_STEP][PASSED] - setText: Text '100' is set on object 'Object Repository/GUI elements/Text element'

2018-03-21 19:04:51 - [MESSAGE][PASSED] - Text '100' is set on object 'Object Repository/GUI elements/Text element'

2018-03-21 19:04:51 - [TEST_STEP][PASSED] - click: Object: 'Object Repository/GUI elements/Submit button' is clicked on

2018-03-21 19:04:51 - [MESSAGE][PASSED] - Object: 'Object Repository/GUI elements/Submit button' is clicked on

2018-03-21 19:04:51 - [TEST_STEP][PASSED] - back: Navigate back successfully

2018-03-21 19:04:51 - [MESSAGE][PASSED] - Navigate back successfully

2018-03-21 19:04:51 - [TEST_STEP][PASSED] - setText: Text '100' is set on object 'Object Repository/GUI elements/Text element'

2018-03-21 19:04:51 - [MESSAGE][PASSED] - Text '100' is set on object 'Object Repository/GUI elements/Text element'

2018-03-21 19:04:51 - [TEST_STEP][PASSED] - click: Object: 'Object Repository/GUI elements/Submit button' is clicked on

2018-03-21 19:04:51 - [MESSAGE][PASSED] - Object: 'Object Repository/GUI elements/Submit button' is clicked on

2018-03-21 19:04:51 - [TEST_STEP][PASSED] - back: Navigate back successfully

2018-03-21 19:04:51 - [MESSAGE][PASSED] - Navigate back successfully

2018-03-21 19:04:51 - [TEST_STEP][PASSED] - setText: Text '100' is set on object 'Object Repository/GUI elements/Text element'

2018-03-21 19:04:52 - [MESSAGE][PASSED] - Text '100' is set on object 'Object Repository/GUI elements/Text element'

2018-03-21 19:04:52 - [TEST_STEP][PASSED] - click: Object: 'Object Repository/GUI elements/Submit button' is clicked on

2018-03-21 19:04:52 - [MESSAGE][PASSED] - Object: 'Object Repository/GUI elements/Submit button' is clicked on

2018-03-21 19:04:52 - [TEST_STEP][PASSED] - back: Navigate back successfully

2018-03-21 19:04:52 - [MESSAGE][PASSED] - Navigate back successfully

2018-03-21 19:04:52 - [TEST_STEP][PASSED] - setText: Text '100' is set on object 'Object Repository/GUI elements/Text element'

2018-03-21 19:04:52 - [MESSAGE][PASSED] - Text '100' is set on object 'Object Repository/GUI elements/Text element'

2018-03-21 19:04:52 - [TEST_STEP][PASSED] - click: Object: 'Object Repository/GUI elements/Submit button' is clicked on

2018-03-21 19:04:52 - [MESSAGE][PASSED] - Object: 'Object Repository/GUI elements/Submit button' is clicked on

2018-03-21 19:04:52 - [TEST_STEP][PASSED] - back: Navigate back successfully

2018-03-21 19:04:52 - [MESSAGE][PASSED] - Navigate back successfully

2018-03-21 19:04:52 - [TEST_STEP][PASSED] - closeBrowser: Browser is closed

2018-03-21 19:04:53 - [MESSAGE][PASSED] - Browser is closed]]></system-out>
         <system-err><![CDATA[]]></system-err>
      </testcase>
      <testcase name="Test Cases/Fibonacci Page/Fibonacci - Stress" classname="Test Cases/Fibonacci Page/Fibonacci - Stress" status="PASSED">
         <system-out><![CDATA[2018-03-21 19:04:53 - [TEST_CASE][PASSED] - Test Cases/Fibonacci Page/Fibonacci - Stress: Test Cases/Fibonacci Page/Fibonacci - Stress

2018-03-21 19:04:53 - [TEST_STEP][PASSED] - Statement - data = com.kms.katalon.core.testdata.TestDataFactory.findTestData(FactorialEdgeData): Reading excel file with source file 'C:\Katalon Studio\Deliverable-4\Data Files\facInput edge.xlsx' and sheet name 'input'

2018-03-21 19:04:53 - [TEST_STEP][PASSED] - openBrowser: Browser is opened with url: ''

2018-03-21 19:04:55 - [MESSAGE][PASSED] - Browser is opened with url: ''

2018-03-21 19:04:55 - [TEST_STEP][PASSED] - navigateToUrl: Navigate to 'https://cs1632ex.herokuapp.com/fib' successfully

2018-03-21 19:04:56 - [MESSAGE][PASSED] - Navigate to 'https://cs1632ex.herokuapp.com/fib' successfully

2018-03-21 19:04:56 - [TEST_STEP][PASSED] - Statement - For (def index : (1..10)): Navigate back successfully

2018-03-21 19:04:56 - [TEST_STEP][PASSED] - setText: Text '100' is set on object 'Object Repository/GUI elements/Text element'

2018-03-21 19:04:56 - [MESSAGE][PASSED] - Text '100' is set on object 'Object Repository/GUI elements/Text element'

2018-03-21 19:04:56 - [TEST_STEP][PASSED] - click: Object: 'Object Repository/GUI elements/Submit button' is clicked on

2018-03-21 19:04:56 - [MESSAGE][PASSED] - Object: 'Object Repository/GUI elements/Submit button' is clicked on

2018-03-21 19:04:56 - [TEST_STEP][PASSED] - back: Navigate back successfully

2018-03-21 19:04:56 - [MESSAGE][PASSED] - Navigate back successfully

2018-03-21 19:04:56 - [TEST_STEP][PASSED] - setText: Text '100' is set on object 'Object Repository/GUI elements/Text element'

2018-03-21 19:04:56 - [MESSAGE][PASSED] - Text '100' is set on object 'Object Repository/GUI elements/Text element'

2018-03-21 19:04:56 - [TEST_STEP][PASSED] - click: Object: 'Object Repository/GUI elements/Submit button' is clicked on

2018-03-21 19:04:56 - [MESSAGE][PASSED] - Object: 'Object Repository/GUI elements/Submit button' is clicked on

2018-03-21 19:04:56 - [TEST_STEP][PASSED] - back: Navigate back successfully

2018-03-21 19:04:56 - [MESSAGE][PASSED] - Navigate back successfully

2018-03-21 19:04:56 - [TEST_STEP][PASSED] - setText: Text '100' is set on object 'Object Repository/GUI elements/Text element'

2018-03-21 19:04:56 - [MESSAGE][PASSED] - Text '100' is set on object 'Object Repository/GUI elements/Text element'

2018-03-21 19:04:56 - [TEST_STEP][PASSED] - click: Object: 'Object Repository/GUI elements/Submit button' is clicked on

2018-03-21 19:04:57 - [MESSAGE][PASSED] - Object: 'Object Repository/GUI elements/Submit button' is clicked on

2018-03-21 19:04:57 - [TEST_STEP][PASSED] - back: Navigate back successfully

2018-03-21 19:04:57 - [MESSAGE][PASSED] - Navigate back successfully

2018-03-21 19:04:57 - [TEST_STEP][PASSED] - setText: Text '100' is set on object 'Object Repository/GUI elements/Text element'

2018-03-21 19:04:57 - [MESSAGE][PASSED] - Text '100' is set on object 'Object Repository/GUI elements/Text element'

2018-03-21 19:04:57 - [TEST_STEP][PASSED] - click: Object: 'Object Repository/GUI elements/Submit button' is clicked on

2018-03-21 19:04:57 - [MESSAGE][PASSED] - Object: 'Object Repository/GUI elements/Submit button' is clicked on

2018-03-21 19:04:57 - [TEST_STEP][PASSED] - back: Navigate back successfully

2018-03-21 19:04:57 - [MESSAGE][PASSED] - Navigate back successfully

2018-03-21 19:04:57 - [TEST_STEP][PASSED] - setText: Text '100' is set on object 'Object Repository/GUI elements/Text element'

2018-03-21 19:04:57 - [MESSAGE][PASSED] - Text '100' is set on object 'Object Repository/GUI elements/Text element'

2018-03-21 19:04:57 - [TEST_STEP][PASSED] - click: Object: 'Object Repository/GUI elements/Submit button' is clicked on

2018-03-21 19:04:57 - [MESSAGE][PASSED] - Object: 'Object Repository/GUI elements/Submit button' is clicked on

2018-03-21 19:04:57 - [TEST_STEP][PASSED] - back: Navigate back successfully

2018-03-21 19:04:57 - [MESSAGE][PASSED] - Navigate back successfully

2018-03-21 19:04:57 - [TEST_STEP][PASSED] - setText: Text '100' is set on object 'Object Repository/GUI elements/Text element'

2018-03-21 19:04:57 - [MESSAGE][PASSED] - Text '100' is set on object 'Object Repository/GUI elements/Text element'

2018-03-21 19:04:57 - [TEST_STEP][PASSED] - click: Object: 'Object Repository/GUI elements/Submit button' is clicked on

2018-03-21 19:04:58 - [MESSAGE][PASSED] - Object: 'Object Repository/GUI elements/Submit button' is clicked on

2018-03-21 19:04:58 - [TEST_STEP][PASSED] - back: Navigate back successfully

2018-03-21 19:04:58 - [MESSAGE][PASSED] - Navigate back successfully

2018-03-21 19:04:58 - [TEST_STEP][PASSED] - setText: Text '100' is set on object 'Object Repository/GUI elements/Text element'

2018-03-21 19:04:58 - [MESSAGE][PASSED] - Text '100' is set on object 'Object Repository/GUI elements/Text element'

2018-03-21 19:04:58 - [TEST_STEP][PASSED] - click: Object: 'Object Repository/GUI elements/Submit button' is clicked on

2018-03-21 19:04:58 - [MESSAGE][PASSED] - Object: 'Object Repository/GUI elements/Submit button' is clicked on

2018-03-21 19:04:58 - [TEST_STEP][PASSED] - back: Navigate back successfully

2018-03-21 19:04:58 - [MESSAGE][PASSED] - Navigate back successfully

2018-03-21 19:04:58 - [TEST_STEP][PASSED] - setText: Text '100' is set on object 'Object Repository/GUI elements/Text element'

2018-03-21 19:04:58 - [MESSAGE][PASSED] - Text '100' is set on object 'Object Repository/GUI elements/Text element'

2018-03-21 19:04:58 - [TEST_STEP][PASSED] - click: Object: 'Object Repository/GUI elements/Submit button' is clicked on

2018-03-21 19:04:58 - [MESSAGE][PASSED] - Object: 'Object Repository/GUI elements/Submit button' is clicked on

2018-03-21 19:04:58 - [TEST_STEP][PASSED] - back: Navigate back successfully

2018-03-21 19:04:58 - [MESSAGE][PASSED] - Navigate back successfully

2018-03-21 19:04:58 - [TEST_STEP][PASSED] - setText: Text '100' is set on object 'Object Repository/GUI elements/Text element'

2018-03-21 19:04:59 - [MESSAGE][PASSED] - Text '100' is set on object 'Object Repository/GUI elements/Text element'

2018-03-21 19:04:59 - [TEST_STEP][PASSED] - click: Object: 'Object Repository/GUI elements/Submit button' is clicked on

2018-03-21 19:04:59 - [MESSAGE][PASSED] - Object: 'Object Repository/GUI elements/Submit button' is clicked on

2018-03-21 19:04:59 - [TEST_STEP][PASSED] - back: Navigate back successfully

2018-03-21 19:04:59 - [MESSAGE][PASSED] - Navigate back successfully

2018-03-21 19:04:59 - [TEST_STEP][PASSED] - setText: Text '100' is set on object 'Object Repository/GUI elements/Text element'

2018-03-21 19:04:59 - [MESSAGE][PASSED] - Text '100' is set on object 'Object Repository/GUI elements/Text element'

2018-03-21 19:04:59 - [TEST_STEP][PASSED] - click: Object: 'Object Repository/GUI elements/Submit button' is clicked on

2018-03-21 19:04:59 - [MESSAGE][PASSED] - Object: 'Object Repository/GUI elements/Submit button' is clicked on

2018-03-21 19:04:59 - [TEST_STEP][PASSED] - back: Navigate back successfully

2018-03-21 19:04:59 - [MESSAGE][PASSED] - Navigate back successfully

2018-03-21 19:04:59 - [TEST_STEP][PASSED] - closeBrowser: Browser is closed

2018-03-21 19:05:00 - [MESSAGE][PASSED] - Browser is closed]]></system-out>
         <system-err><![CDATA[]]></system-err>
      </testcase>
      <system-out><![CDATA[2018-03-21 19:04:43 - [TEST_SUITE][PASSED] - Deliverable-4 Stress: Test Cases/Fibonacci Page/Fibonacci - Stress]]></system-out>
      <system-err><![CDATA[]]></system-err>
   </testsuite>
</testsuites>
